<?xml version="1.0" encoding="UTF-8"?>
<!-- Generated by org.testng.reporters.JUnitReportReporter -->
<testsuite skipped="1" hostname="DESKTOP-RUAD0RO" name="com.infosys.netBanking.testCases.TC_001" tests="4" failures="0" timestamp="05 Apr 2020 16:33:14 GMT" time="172.820" errors="0">
  <testcase name="test_002" time="33.866" classname="com.infosys.netBanking.testCases.TC_001"/>
  <testcase name="test_002" time="98.549" classname="com.infosys.netBanking.testCases.TC_001"/>
  <testcase name="test_002" time="40.405" classname="com.infosys.netBanking.testCases.TC_001"/>
  <testcase name="test_001_newCustomerRegistration" classname="com.infosys.netBanking.testCases.TC_001">
    <skipped/>
  </testcase> <!-- test_001_newCustomerRegistration -->
</testsuite> <!-- com.infosys.netBanking.testCases.TC_001 -->
