<?xml version="1.0" encoding="UTF-8"?>
<!-- Generated by org.testng.reporters.JUnitReportReporter -->
<testsuite skipped="1" hostname="DESKTOP-RUAD0RO" name="com.infosys.netBanking.testCases.TC_001" tests="2" failures="0" timestamp="04 Apr 2020 16:53:57 GMT" time="34.531" errors="0">
  <testcase name="test_001_newCustomerRegistration" time="34.531" classname="com.infosys.netBanking.testCases.TC_001"/>
  <testcase name="test_002" classname="com.infosys.netBanking.testCases.TC_001">
    <skipped/>
  </testcase> <!-- test_002 -->
</testsuite> <!-- com.infosys.netBanking.testCases.TC_001 -->
